  ch_model.cpp
C:\Users\wsxcc\OneDrive\桌面\simulation\RACH\RACH\ch_model.cpp(130,28): warning C4101:  'imag_p': 未參考的區域變數
  cluster_ce.cpp
  ldpc.cpp
  main.cpp
C:\Users\wsxcc\OneDrive\桌面\simulation\RACH\RACH\ch_model.cpp(130,9): warning C4101:  'real_p': 未參考的區域變數
C:\Users\wsxcc\OneDrive\桌面\simulation\RACH\RACH\main.cpp(571,23): warning C4473:  'fprintf' : 傳遞給格式字串的引數不足
C:\Users\wsxcc\OneDrive\桌面\simulation\RACH\RACH\main.cpp(571,23): message :  預留位置及其參數需要 6 個 variadic 引數，但卻提供了 5 個
  mldt.cpp
C:\Users\wsxcc\OneDrive\桌面\simulation\RACH\RACH\main.cpp(571,23): message :  缺少 variadic 引數 6 (其為格式字串 '%e' 所需)
C:\Users\wsxcc\OneDrive\桌面\simulation\RACH\RACH\mldt.cpp(41,19): warning C4244:  '正在初始化': 將 'double' 轉換為 'int'，由於類型不同，可能導致資料遺失
C:\Users\wsxcc\OneDrive\桌面\simulation\RACH\RACH\mldt.cpp(127,19): warning C4244:  '正在初始化': 將 'double' 轉換為 'int'，由於類型不同，可能導致資料遺失
C:\Users\wsxcc\OneDrive\桌面\simulation\RACH\RACH\mldt.cpp(132,15): warning C4244:  '正在初始化': 將 'double' 轉換為 'int'，由於類型不同，可能導致資料遺失
C:\Users\wsxcc\OneDrive\桌面\simulation\RACH\RACH\mldt.cpp(155,19): warning C4244:  '正在初始化': 將 'double' 轉換為 'int'，由於類型不同，可能導致資料遺失
  pulse_shaping.cpp
  transceiver.cpp
C:\Users\wsxcc\OneDrive\桌面\simulation\RACH\RACH\mldt.cpp(160,15): warning C4244:  '正在初始化': 將 'double' 轉換為 'int'，由於類型不同，可能導致資料遺失
C:\Users\wsxcc\OneDrive\桌面\simulation\RACH\RACH\transceiver.cpp(74,19): warning C4244:  '正在初始化': 將 'double' 轉換為 'int'，由於類型不同，可能導致資料遺失
C:\Users\wsxcc\OneDrive\桌面\simulation\RACH\RACH\transceiver.cpp(277,70): warning C4244:  '引數': 將 'double' 轉換為 'int'，由於類型不同，可能導致資料遺失
C:\Users\wsxcc\OneDrive\桌面\simulation\RACH\RACH\transceiver.cpp(444,62): warning C4244:  '引數': 將 'double' 轉換為 'int'，由於類型不同，可能導致資料遺失
C:\Users\wsxcc\OneDrive\桌面\simulation\RACH\RACH\transceiver.cpp(703,43): warning C4244:  '引數': 將 'double' 轉換為 '_Ty'，由於類型不同，可能導致資料遺失
C:\Users\wsxcc\OneDrive\桌面\simulation\RACH\RACH\transceiver.cpp(703,43): warning C4244:         with
C:\Users\wsxcc\OneDrive\桌面\simulation\RACH\RACH\transceiver.cpp(703,43): warning C4244:         [
C:\Users\wsxcc\OneDrive\桌面\simulation\RACH\RACH\transceiver.cpp(703,43): warning C4244:             _Ty=int
C:\Users\wsxcc\OneDrive\桌面\simulation\RACH\RACH\transceiver.cpp(703,43): warning C4244:         ]
  正在產生程式碼
  1 of 446 functions ( 0.2%) were compiled, the rest were copied from previous compilation.
    0 functions were new in current compilation
    3 functions had inline decision re-evaluated but remain unchanged
  已完成程式碼產生
  RACH.vcxproj -> C:\Users\wsxcc\OneDrive\桌面\simulation\RACH\x64\Release\RACH.exe
