  ch_model.cpp
  cluster_ce.cpp
C:\Users\wsxcc\OneDrive\桌面\simulation\MLDT_polar\cluster_ce.cpp(115,72): warning C4244:  '正在初始化': 將 'double' 轉換為 'int'，由於類型不同，可能導致資料遺失
C:\Users\wsxcc\OneDrive\桌面\simulation\MLDT_polar\cluster_ce.cpp(115,92): warning C4244:  '正在初始化': 將 'double' 轉換為 'int'，由於類型不同，可能導致資料遺失
C:\Users\wsxcc\OneDrive\桌面\simulation\MLDT_polar\cluster_ce.cpp(121,36): warning C4244:  '=': 將 '_Ty' 轉換為 'int'，由於類型不同，可能導致資料遺失
C:\Users\wsxcc\OneDrive\桌面\simulation\MLDT_polar\cluster_ce.cpp(121,36): warning C4244:         with
C:\Users\wsxcc\OneDrive\桌面\simulation\MLDT_polar\cluster_ce.cpp(121,36): warning C4244:         [
C:\Users\wsxcc\OneDrive\桌面\simulation\MLDT_polar\cluster_ce.cpp(121,36): warning C4244:             _Ty=double
C:\Users\wsxcc\OneDrive\桌面\simulation\MLDT_polar\cluster_ce.cpp(121,36): warning C4244:         ]
C:\Users\wsxcc\OneDrive\桌面\simulation\MLDT_polar\cluster_ce.cpp(125,36): warning C4244:  '=': 將 '_Ty' 轉換為 'int'，由於類型不同，可能導致資料遺失
C:\Users\wsxcc\OneDrive\桌面\simulation\MLDT_polar\cluster_ce.cpp(125,36): warning C4244:         with
C:\Users\wsxcc\OneDrive\桌面\simulation\MLDT_polar\cluster_ce.cpp(125,36): warning C4244:         [
C:\Users\wsxcc\OneDrive\桌面\simulation\MLDT_polar\cluster_ce.cpp(125,36): warning C4244:             _Ty=double
C:\Users\wsxcc\OneDrive\桌面\simulation\MLDT_polar\cluster_ce.cpp(125,36): warning C4244:         ]
C:\Users\wsxcc\OneDrive\桌面\simulation\MLDT_polar\cluster_ce.cpp(132,44): warning C4244:  '=': 將 '_Ty' 轉換為 'int'，由於類型不同，可能導致資料遺失
C:\Users\wsxcc\OneDrive\桌面\simulation\MLDT_polar\cluster_ce.cpp(132,44): warning C4244:         with
C:\Users\wsxcc\OneDrive\桌面\simulation\MLDT_polar\cluster_ce.cpp(132,44): warning C4244:         [
C:\Users\wsxcc\OneDrive\桌面\simulation\MLDT_polar\cluster_ce.cpp(132,44): warning C4244:             _Ty=double
C:\Users\wsxcc\OneDrive\桌面\simulation\MLDT_polar\cluster_ce.cpp(132,44): warning C4244:         ]
C:\Users\wsxcc\OneDrive\桌面\simulation\MLDT_polar\cluster_ce.cpp(169,72): warning C4244:  '正在初始化': 將 'double' 轉換為 'int'，由於類型不同，可能導致資料遺失
C:\Users\wsxcc\OneDrive\桌面\simulation\MLDT_polar\cluster_ce.cpp(169,92): warning C4244:  '正在初始化': 將 'double' 轉換為 'int'，由於類型不同，可能導致資料遺失
C:\Users\wsxcc\OneDrive\桌面\simulation\MLDT_polar\cluster_ce.cpp(232,71): warning C4244:  '正在初始化': 將 'double' 轉換為 'int'，由於類型不同，可能導致資料遺失
C:\Users\wsxcc\OneDrive\桌面\simulation\MLDT_polar\cluster_ce.cpp(232,91): warning C4244:  '正在初始化': 將 'double' 轉換為 'int'，由於類型不同，可能導致資料遺失
C:\Users\wsxcc\OneDrive\桌面\simulation\MLDT_polar\cluster_ce.cpp(594,14): warning C4244:  '正在初始化': 將 '_Ty' 轉換為 'int'，由於類型不同，可能導致資料遺失
C:\Users\wsxcc\OneDrive\桌面\simulation\MLDT_polar\cluster_ce.cpp(594,14): warning C4244:         with
C:\Users\wsxcc\OneDrive\桌面\simulation\MLDT_polar\cluster_ce.cpp(594,14): warning C4244:         [
C:\Users\wsxcc\OneDrive\桌面\simulation\MLDT_polar\cluster_ce.cpp(594,14): warning C4244:             _Ty=double
C:\Users\wsxcc\OneDrive\桌面\simulation\MLDT_polar\cluster_ce.cpp(594,14): warning C4244:         ]
C:\Users\wsxcc\OneDrive\桌面\simulation\MLDT_polar\cluster_ce.cpp(597,41): warning C4244:  '引數': 將 '_Ty' 轉換為 'const _Ty'，由於類型不同，可能導致資料遺失
C:\Users\wsxcc\OneDrive\桌面\simulation\MLDT_polar\cluster_ce.cpp(597,41): warning C4244:         with
C:\Users\wsxcc\OneDrive\桌面\simulation\MLDT_polar\cluster_ce.cpp(597,41): warning C4244:         [
C:\Users\wsxcc\OneDrive\桌面\simulation\MLDT_polar\cluster_ce.cpp(597,41): warning C4244:             _Ty=double
C:\Users\wsxcc\OneDrive\桌面\simulation\MLDT_polar\cluster_ce.cpp(597,41): warning C4244:         ]
C:\Users\wsxcc\OneDrive\桌面\simulation\MLDT_polar\cluster_ce.cpp(597,41): warning C4244:         and
C:\Users\wsxcc\OneDrive\桌面\simulation\MLDT_polar\cluster_ce.cpp(597,41): warning C4244:         [
C:\Users\wsxcc\OneDrive\桌面\simulation\MLDT_polar\cluster_ce.cpp(597,41): warning C4244:             _Ty=int
C:\Users\wsxcc\OneDrive\桌面\simulation\MLDT_polar\cluster_ce.cpp(597,41): warning C4244:         ]
C:\Users\wsxcc\OneDrive\桌面\simulation\MLDT_polar\cluster_ce.cpp(598,55): warning C4244:  '引數': 將 '_Ty' 轉換為 'const _Ty'，由於類型不同，可能導致資料遺失
C:\Users\wsxcc\OneDrive\桌面\simulation\MLDT_polar\cluster_ce.cpp(598,55): warning C4244:         with
C:\Users\wsxcc\OneDrive\桌面\simulation\MLDT_polar\cluster_ce.cpp(598,55): warning C4244:         [
C:\Users\wsxcc\OneDrive\桌面\simulation\MLDT_polar\cluster_ce.cpp(598,55): warning C4244:             _Ty=double
C:\Users\wsxcc\OneDrive\桌面\simulation\MLDT_polar\cluster_ce.cpp(598,55): warning C4244:         ]
C:\Users\wsxcc\OneDrive\桌面\simulation\MLDT_polar\cluster_ce.cpp(598,55): warning C4244:         and
C:\Users\wsxcc\OneDrive\桌面\simulation\MLDT_polar\cluster_ce.cpp(598,55): warning C4244:         [
C:\Users\wsxcc\OneDrive\桌面\simulation\MLDT_polar\cluster_ce.cpp(598,55): warning C4244:             _Ty=int
C:\Users\wsxcc\OneDrive\桌面\simulation\MLDT_polar\cluster_ce.cpp(598,55): warning C4244:         ]
C:\Users\wsxcc\OneDrive\桌面\simulation\MLDT_polar\cluster_ce.cpp(599,69): warning C4244:  '引數': 將 '_Ty' 轉換為 'const unsigned __int64'，由於類型不同，可能導致資料遺失
C:\Users\wsxcc\OneDrive\桌面\simulation\MLDT_polar\cluster_ce.cpp(599,69): warning C4244:         with
C:\Users\wsxcc\OneDrive\桌面\simulation\MLDT_polar\cluster_ce.cpp(599,69): warning C4244:         [
C:\Users\wsxcc\OneDrive\桌面\simulation\MLDT_polar\cluster_ce.cpp(599,69): warning C4244:             _Ty=double
C:\Users\wsxcc\OneDrive\桌面\simulation\MLDT_polar\cluster_ce.cpp(599,69): warning C4244:         ]
  main.cpp
  mldt.cpp
C:\Users\wsxcc\OneDrive\桌面\simulation\MLDT_polar\cluster_ce.cpp(600,69): warning C4244:  '引數': 將 '_Ty' 轉換為 'const unsigned __int64'，由於類型不同，可能導致資料遺失
C:\Users\wsxcc\OneDrive\桌面\simulation\MLDT_polar\cluster_ce.cpp(600,69): warning C4244:         with
C:\Users\wsxcc\OneDrive\桌面\simulation\MLDT_polar\cluster_ce.cpp(600,69): warning C4244:         [
C:\Users\wsxcc\OneDrive\桌面\simulation\MLDT_polar\cluster_ce.cpp(600,69): warning C4244:             _Ty=double
C:\Users\wsxcc\OneDrive\桌面\simulation\MLDT_polar\cluster_ce.cpp(600,69): warning C4244:         ]
  polar.cpp
C:\Users\wsxcc\OneDrive\桌面\simulation\MLDT_polar\mldt.cpp(115,14): warning C4244:  '正在初始化': 將 'double' 轉換為 'int'，由於類型不同，可能導致資料遺失
C:\Users\wsxcc\OneDrive\桌面\simulation\MLDT_polar\polar.cpp(131,8): warning C4244:  '正在初始化': 將 'double' 轉換為 'int'，由於類型不同，可能導致資料遺失
C:\Users\wsxcc\OneDrive\桌面\simulation\MLDT_polar\polar.cpp(138,10): warning C4244:  '=': 將 'double' 轉換為 'int'，由於類型不同，可能導致資料遺失
C:\Users\wsxcc\OneDrive\桌面\simulation\MLDT_polar\polar.cpp(607,75): warning C4334:  '<<': 32 位元位移的結果已隱含轉換為 64 位元 (是否原來就是要進行 64 位元位移?
C:\Users\wsxcc\OneDrive\桌面\simulation\MLDT_polar\polar.cpp(619,84): warning C4334:  '<<': 32 位元位移的結果已隱含轉換為 64 位元 (是否原來就是要進行 64 位元位移?
C:\Users\wsxcc\OneDrive\桌面\simulation\MLDT_polar\polar.cpp(719,106): warning C4334:  '<<': 32 位元位移的結果已隱含轉換為 64 位元 (是否原來就是要進行 64 位元位移?
C:\Users\wsxcc\OneDrive\桌面\simulation\MLDT_polar\polar.cpp(720,106): warning C4334:  '<<': 32 位元位移的結果已隱含轉換為 64 位元 (是否原來就是要進行 64 位元位移?
C:\Users\wsxcc\OneDrive\桌面\simulation\MLDT_polar\polar.cpp(741,106): warning C4334:  '<<': 32 位元位移的結果已隱含轉換為 64 位元 (是否原來就是要進行 64 位元位移?
C:\Users\wsxcc\OneDrive\桌面\simulation\MLDT_polar\polar.cpp(742,106): warning C4334:  '<<': 32 位元位移的結果已隱含轉換為 64 位元 (是否原來就是要進行 64 位元位移?
C:\Users\wsxcc\OneDrive\桌面\simulation\MLDT_polar\polar.cpp(801,107): warning C4334:  '<<': 32 位元位移的結果已隱含轉換為 64 位元 (是否原來就是要進行 64 位元位移?
C:\Users\wsxcc\OneDrive\桌面\simulation\MLDT_polar\polar.cpp(805,107): warning C4334:  '<<': 32 位元位移的結果已隱含轉換為 64 位元 (是否原來就是要進行 64 位元位移?
C:\Users\wsxcc\OneDrive\桌面\simulation\MLDT_polar\polar.cpp(807,106): warning C4334:  '<<': 32 位元位移的結果已隱含轉換為 64 位元 (是否原來就是要進行 64 位元位移?
C:\Users\wsxcc\OneDrive\桌面\simulation\MLDT_polar\polar.cpp(1242,16): warning C4244:  '正在初始化': 將 'double' 轉換為 'int'，由於類型不同，可能導致資料遺失
C:\Users\wsxcc\OneDrive\桌面\simulation\MLDT_polar\polar.cpp(1610,16): warning C4244:  '正在初始化': 將 'double' 轉換為 'int'，由於類型不同，可能導致資料遺失
C:\Users\wsxcc\OneDrive\桌面\simulation\MLDT_polar\polar.cpp(1837,17): warning C4244:  '正在初始化': 將 'double' 轉換為 'int'，由於類型不同，可能導致資料遺失
C:\Users\wsxcc\OneDrive\桌面\simulation\MLDT_polar\polar.cpp(2033,10): warning C4244:  '正在初始化': 將 'double' 轉換為 'int'，由於類型不同，可能導致資料遺失
C:\Users\wsxcc\OneDrive\桌面\simulation\MLDT_polar\polar.cpp(2036,11): warning C4244:  '正在初始化': 將 'double' 轉換為 'int'，由於類型不同，可能導致資料遺失
C:\Users\wsxcc\OneDrive\桌面\simulation\MLDT_polar\polar.cpp(2166,11): warning C4244:  '正在初始化': 將 'double' 轉換為 'int'，由於類型不同，可能導致資料遺失
C:\Users\wsxcc\OneDrive\桌面\simulation\MLDT_polar\polar.cpp(2169,12): warning C4244:  '正在初始化': 將 'double' 轉換為 'int'，由於類型不同，可能導致資料遺失
C:\Users\wsxcc\OneDrive\桌面\simulation\MLDT_polar\polar.cpp(2380,10): warning C4244:  '正在初始化': 將 'double' 轉換為 'int'，由於類型不同，可能導致資料遺失
C:\Users\wsxcc\OneDrive\桌面\simulation\MLDT_polar\polar.cpp(2383,11): warning C4244:  '正在初始化': 將 'double' 轉換為 'int'，由於類型不同，可能導致資料遺失
C:\Users\wsxcc\OneDrive\桌面\simulation\MLDT_polar\polar.cpp(2405,11): warning C4244:  '正在初始化': 將 'double' 轉換為 'int'，由於類型不同，可能導致資料遺失
C:\Users\wsxcc\OneDrive\桌面\simulation\MLDT_polar\polar.cpp(2408,12): warning C4244:  '正在初始化': 將 'double' 轉換為 'int'，由於類型不同，可能導致資料遺失
C:\Program Files (x86)\Microsoft Visual Studio\2019\Professional\VC\Tools\MSVC\14.21.27702\include\algorithm(1576,1): warning C4267:  '=': 將 'size_t' 轉換為 'unsigned short'，資料可能遺失
  pulse_shaping.cpp
  transceiver.cpp
C:\Users\wsxcc\OneDrive\桌面\simulation\MLDT_polar\polar.cpp(70): message :  請參考正在進行編譯的函式 樣板 具現化 'void std::generate<std::_Vector_iterator<std::_Vector_val<std::_Simple_types<_Ty>>>,PolarCode::initialize_frozen_bits::<lambda_eced10b01116ebb399e9b58e28079031>>(_FwdIt,_FwdIt,_Fn)'
C:\Users\wsxcc\OneDrive\桌面\simulation\MLDT_polar\polar.cpp(70): message :         with
C:\Users\wsxcc\OneDrive\桌面\simulation\MLDT_polar\polar.cpp(70): message :         [
C:\Users\wsxcc\OneDrive\桌面\simulation\MLDT_polar\polar.cpp(70): message :             _Ty=uint16_t,
C:\Users\wsxcc\OneDrive\桌面\simulation\MLDT_polar\polar.cpp(70): message :             _FwdIt=std::_Vector_iterator<std::_Vector_val<std::_Simple_types<uint16_t>>>,
C:\Users\wsxcc\OneDrive\桌面\simulation\MLDT_polar\polar.cpp(70): message :             _Fn=PolarCode::initialize_frozen_bits::<lambda_eced10b01116ebb399e9b58e28079031>
C:\Users\wsxcc\OneDrive\桌面\simulation\MLDT_polar\polar.cpp(70): message :         ]
  正在產生程式碼
  1 of 1545 functions (<0.1%) were compiled, the rest were copied from previous compilation.
    0 functions were new in current compilation
    8 functions had inline decision re-evaluated but remain unchanged
  已完成程式碼產生
  MLDT_polar.vcxproj -> C:\Users\wsxcc\OneDrive\桌面\simulation\MLDT_polar\x64\Release\MLDT_polar.exe
