  ch_model.cpp
  cluster_algo.cpp
C:\Users\wsxcc\OneDrive\桌面\simulation\MLDT_uncoded_qpsk\cluster_algo.cpp(206,28): warning C4244:  '正在初始化': 將 'double' 轉換為 'int'，由於類型不同，可能導致資料遺失
C:\Users\wsxcc\OneDrive\桌面\simulation\MLDT_uncoded_qpsk\cluster_algo.cpp(401,19): warning C4244:  '引數': 將 'double' 轉換為 'const unsigned __int64'，由於類型不同，可能導致資料遺失
C:\Users\wsxcc\OneDrive\桌面\simulation\MLDT_uncoded_qpsk\cluster_algo.cpp(403,12): warning C4244:  '引數': 將 'double' 轉換為 'const unsigned __int64'，由於類型不同，可能導致資料遺失
C:\Users\wsxcc\OneDrive\桌面\simulation\MLDT_uncoded_qpsk\cluster_algo.cpp(820,29): warning C4244:  '引數': 將 '_Ty' 轉換為 'const int'，由於類型不同，可能導致資料遺失
C:\Users\wsxcc\OneDrive\桌面\simulation\MLDT_uncoded_qpsk\cluster_algo.cpp(820,29): warning C4244:         with
C:\Users\wsxcc\OneDrive\桌面\simulation\MLDT_uncoded_qpsk\cluster_algo.cpp(820,29): warning C4244:         [
C:\Users\wsxcc\OneDrive\桌面\simulation\MLDT_uncoded_qpsk\cluster_algo.cpp(820,29): warning C4244:             _Ty=double
C:\Users\wsxcc\OneDrive\桌面\simulation\MLDT_uncoded_qpsk\cluster_algo.cpp(820,29): warning C4244:         ]
C:\Users\wsxcc\OneDrive\桌面\simulation\MLDT_uncoded_qpsk\cluster_algo.cpp(821,29): warning C4244:  '引數': 將 '_Ty' 轉換為 'const int'，由於類型不同，可能導致資料遺失
C:\Users\wsxcc\OneDrive\桌面\simulation\MLDT_uncoded_qpsk\cluster_algo.cpp(821,29): warning C4244:         with
C:\Users\wsxcc\OneDrive\桌面\simulation\MLDT_uncoded_qpsk\cluster_algo.cpp(821,29): warning C4244:         [
C:\Users\wsxcc\OneDrive\桌面\simulation\MLDT_uncoded_qpsk\cluster_algo.cpp(821,29): warning C4244:             _Ty=double
C:\Users\wsxcc\OneDrive\桌面\simulation\MLDT_uncoded_qpsk\cluster_algo.cpp(821,29): warning C4244:         ]
C:\Users\wsxcc\OneDrive\桌面\simulation\MLDT_uncoded_qpsk\cluster_algo.cpp(844,29): warning C4244:  '引數': 將 '_Ty' 轉換為 'const int'，由於類型不同，可能導致資料遺失
C:\Users\wsxcc\OneDrive\桌面\simulation\MLDT_uncoded_qpsk\cluster_algo.cpp(844,29): warning C4244:         with
C:\Users\wsxcc\OneDrive\桌面\simulation\MLDT_uncoded_qpsk\cluster_algo.cpp(844,29): warning C4244:         [
C:\Users\wsxcc\OneDrive\桌面\simulation\MLDT_uncoded_qpsk\cluster_algo.cpp(844,29): warning C4244:             _Ty=double
C:\Users\wsxcc\OneDrive\桌面\simulation\MLDT_uncoded_qpsk\cluster_algo.cpp(844,29): warning C4244:         ]
C:\Users\wsxcc\OneDrive\桌面\simulation\MLDT_uncoded_qpsk\cluster_algo.cpp(845,29): warning C4244:  '引數': 將 '_Ty' 轉換為 'const int'，由於類型不同，可能導致資料遺失
C:\Users\wsxcc\OneDrive\桌面\simulation\MLDT_uncoded_qpsk\cluster_algo.cpp(845,29): warning C4244:         with
C:\Users\wsxcc\OneDrive\桌面\simulation\MLDT_uncoded_qpsk\cluster_algo.cpp(845,29): warning C4244:         [
C:\Users\wsxcc\OneDrive\桌面\simulation\MLDT_uncoded_qpsk\cluster_algo.cpp(845,29): warning C4244:             _Ty=double
C:\Users\wsxcc\OneDrive\桌面\simulation\MLDT_uncoded_qpsk\cluster_algo.cpp(845,29): warning C4244:         ]
C:\Users\wsxcc\OneDrive\桌面\simulation\MLDT_uncoded_qpsk\cluster_algo.cpp(1153,51): warning C4244:  '引數': 將 '_Ty' 轉換為 'const unsigned __int64'，由於類型不同，可能導致資料遺失
C:\Users\wsxcc\OneDrive\桌面\simulation\MLDT_uncoded_qpsk\cluster_algo.cpp(1153,51): warning C4244:         with
C:\Users\wsxcc\OneDrive\桌面\simulation\MLDT_uncoded_qpsk\cluster_algo.cpp(1153,51): warning C4244:         [
C:\Users\wsxcc\OneDrive\桌面\simulation\MLDT_uncoded_qpsk\cluster_algo.cpp(1153,51): warning C4244:             _Ty=double
C:\Users\wsxcc\OneDrive\桌面\simulation\MLDT_uncoded_qpsk\cluster_algo.cpp(1153,51): warning C4244:         ]
C:\Users\wsxcc\OneDrive\桌面\simulation\MLDT_uncoded_qpsk\cluster_algo.cpp(1185,27): warning C4244:  '正在初始化': 將 'double' 轉換為 'int'，由於類型不同，可能導致資料遺失
  main.cpp
  mldt.cpp
  transceiver.cpp
C:\Users\wsxcc\OneDrive\桌面\simulation\MLDT_uncoded_qpsk\cluster_algo.cpp(1387,27): warning C4244:  '正在初始化': 將 'double' 轉換為 'int'，由於類型不同，可能導致資料遺失
  正在產生程式碼
  48 of 515 functions ( 9.3%) were compiled, the rest were copied from previous compilation.
    0 functions were new in current compilation
    0 functions had inline decision re-evaluated but remain unchanged
  已完成程式碼產生
  MLDT_uncoded_qpsk.vcxproj -> C:\Users\wsxcc\OneDrive\桌面\simulation\MLDT_uncoded_qpsk\x64\Release\MLDT_uncoded_qpsk.exe
