This is XeTeX, Version 3.14159265-2.6-0.999991 (MiKTeX 2.9.7000 64-bit) (preloaded format=xelatex 2019.5.18)  20 JUL 2019 14:35
entering extended mode
**./abstractCH.tex
(abstractCH.tex
LaTeX2e <2018-12-01>

! LaTeX Error: Environment abstractCH undefined.

See the LaTeX manual or LaTeX Companion for explanation.
Type  H <return>  for immediate help.
 ...                                              
                                                  
l.1 \begin{abstractCH}
                      
Your command was ignored.
Type  I <command> <return>  to replace it with another command,
or  <return>  to continue without it.


! LaTeX Error: Missing \begin{document}.

See the LaTeX manual or LaTeX Companion for explanation.
Type  H <return>  for immediate help.
 ...                                              
                                                  
l.3 多
     重接取技術為現今通信系統中不可或缺的一部分。在大多數的系統中，能同時進行資料傳輸的使用者數量往往會因為傳輸資源的特性而受到限制。本篇論文介紹了...

You're in trouble here.  Try typing  <return>  to proceed.
If that doesn't work, type  X <return>  to quit.

Missing character: There is no 多 in font nullfont!
Missing character: There is no 重 in font nullfont!
Missing character: There is no 接 in font nullfont!
Missing character: There is no 取 in font nullfont!
Missing character: There is no 技 in font nullfont!
Missing character: There is no 術 in font nullfont!
Missing character: There is no 為 in font nullfont!
Missing character: There is no 現 in font nullfont!
Missing character: There is no 今 in font nullfont!
Missing character: There is no 通 in font nullfont!
Missing character: There is no 信 in font nullfont!
Missing character: There is no 系 in font nullfont!
Missing character: There is no 統 in font nullfont!
Missing character: There is no 中 in font nullfont!
Missing character: There is no 不 in font nullfont!
Missing character: There is no 可 in font nullfont!
Missing character: There is no 或 in font nullfont!
Missing character: There is no 缺 in font nullfont!
Missing character: There is no 的 in font nullfont!
Missing character: There is no 一 in font nullfont!
Missing character: There is no 部 in font nullfont!
Missing character: There is no 分 in font nullfont!
Missing character: There is no 。 in font nullfont!
Missing character: There is no 在 in font nullfont!
Missing character: There is no 大 in font nullfont!
Missing character: There is no 多 in font nullfont!
Missing character: There is no 數 in font nullfont!
Missing character: There is no 的 in font nullfont!
Missing character: There is no 系 in font nullfont!
Missing character: There is no 統 in font nullfont!
Missing character: There is no 中 in font nullfont!
Missing character: There is no ， in font nullfont!
Missing character: There is no 能 in font nullfont!
Missing character: There is no 同 in font nullfont!
Missing character: There is no 時 in font nullfont!
Missing character: There is no 進 in font nullfont!
Missing character: There is no 行 in font nullfont!
Missing character: There is no 資 in font nullfont!
Missing character: There is no 料 in font nullfont!
Missing character: There is no 傳 in font nullfont!
Missing character: There is no 輸 in font nullfont!
Missing character: There is no 的 in font nullfont!
Missing character: There is no 使 in font nullfont!
Missing character: There is no 用 in font nullfont!
Missing character: There is no 者 in font nullfont!
Missing character: There is no 數 in font nullfont!
Missing character: There is no 量 in font nullfont!
Missing character: There is no 往 in font nullfont!
Missing character: There is no 往 in font nullfont!
Missing character: There is no 會 in font nullfont!
Missing character: There is no 因 in font nullfont!
Missing character: There is no 為 in font nullfont!
Missing character: There is no 傳 in font nullfont!
Missing character: There is no 輸 in font nullfont!
Missing character: There is no 資 in font nullfont!
Missing character: There is no 源 in font nullfont!
Missing character: There is no 的 in font nullfont!
Missing character: There is no 特 in font nullfont!
Missing character: There is no 性 in font nullfont!
Missing character: There is no 而 in font nullfont!
Missing character: There is no 受 in font nullfont!
Missing character: There is no 到 in font nullfont!
Missing character: There is no 限 in font nullfont!
Missing character: There is no 制 in font nullfont!
Missing character: There is no 。 in font nullfont!
Missing character: There is no 本 in font nullfont!
Missing character: There is no 篇 in font nullfont!
Missing character: There is no 論 in font nullfont!
Missing character: There is no 文 in font nullfont!
Missing character: There is no 介 in font nullfont!
Missing character: There is no 紹 in font nullfont!
Missing character: There is no 了 in font nullfont!
Missing character: There is no 如 in font nullfont!
Missing character: There is no 何 in font nullfont!
Missing character: There is no 使 in font nullfont!
Missing character: There is no 用 in font nullfont!
Missing character: There is no 分 in font nullfont!
Missing character: There is no 增 in font nullfont!
Missing character: There is no 益 in font nullfont!
Missing character: There is no 多 in font nullfont!
Missing character: There is no 重 in font nullfont!
Missing character: There is no 接 in font nullfont!
Missing character: There is no 取 in font nullfont!
Missing character: There is no 技 in font nullfont!
Missing character: There is no 術 in font nullfont!
Missing character: There is no ， in font nullfont!
Missing character: There is no 在 in font nullfont!
Missing character: There is no 使 in font nullfont!
Missing character: There is no 用 in font nullfont!
Missing character: There is no 者 in font nullfont!
Missing character: There is no 透 in font nullfont!
Missing character: There is no 過 in font nullfont!
Missing character: There is no 不 in font nullfont!
Missing character: There is no 同 in font nullfont!
Missing character: There is no 且 in font nullfont!
Missing character: There is no 獨 in font nullfont!
Missing character: There is no 立 in font nullfont!
Missing character: There is no 的 in font nullfont!
Missing character: There is no 衰 in font nullfont!
Missing character: There is no 弱 in font nullfont!
Missing character: There is no 通 in font nullfont!
Missing character: There is no 道 in font nullfont!
Missing character: There is no 進 in font nullfont!
Missing character: There is no 行 in font nullfont!
Missing character: There is no 資 in font nullfont!
Missing character: There is no 料 in font nullfont!
Missing character: There is no 傳 in font nullfont!
Missing character: There is no 輸 in font nullfont!
Missing character: There is no 的 in font nullfont!
Missing character: There is no 場 in font nullfont!
Missing character: There is no 景 in font nullfont!
Missing character: There is no 下 in font nullfont!
Missing character: There is no ， in font nullfont!
Missing character: There is no 利 in font nullfont!
Missing character: There is no 用 in font nullfont!
Missing character: There is no 不 in font nullfont!
Missing character: There is no 同 in font nullfont!
Missing character: There is no 的 in font nullfont!
Missing character: There is no 通 in font nullfont!
Missing character: There is no 道 in font nullfont!
Missing character: There is no 係 in font nullfont!
Missing character: There is no 數 in font nullfont!
Missing character: There is no 來 in font nullfont!
Missing character: There is no 區 in font nullfont!
Missing character: There is no 分 in font nullfont!
Missing character: There is no 不 in font nullfont!
Missing character: There is no 同 in font nullfont!
Missing character: There is no 使 in font nullfont!
Missing character: There is no 用 in font nullfont!
Missing character: There is no 者 in font nullfont!
Missing character: There is no 所 in font nullfont!
Missing character: There is no 傳 in font nullfont!
Missing character: There is no 輸 in font nullfont!
Missing character: There is no 的 in font nullfont!
Missing character: There is no 資 in font nullfont!
Missing character: There is no 料 in font nullfont!
Missing character: There is no 。 in font nullfont!
Missing character: There is no 這 in font nullfont!
Missing character: There is no 樣 in font nullfont!
Missing character: There is no 的 in font nullfont!
Missing character: There is no 多 in font nullfont!
Missing character: There is no 重 in font nullfont!
Missing character: There is no 接 in font nullfont!
Missing character: There is no 取 in font nullfont!
Missing character: There is no 技 in font nullfont!
Missing character: There is no 術 in font nullfont!
Missing character: There is no 允 in font nullfont!
Missing character: There is no 許 in font nullfont!
Missing character: There is no 多 in font nullfont!
Missing character: There is no 個 in font nullfont!
Missing character: There is no 使 in font nullfont!
Missing character: There is no 用 in font nullfont!
Missing character: There is no 者 in font nullfont!
Missing character: There is no 可 in font nullfont!
Missing character: There is no 以 in font nullfont!
Missing character: There is no 共 in font nullfont!
Missing character: There is no 享 in font nullfont!
Missing character: There is no 相 in font nullfont!
Missing character: There is no 同 in font nullfont!
Missing character: There is no 的 in font nullfont!
Missing character: There is no 傳 in font nullfont!
Missing character: There is no 輸 in font nullfont!
Missing character: There is no 資 in font nullfont!
Missing character: There is no 源 in font nullfont!
Missing character: There is no ， in font nullfont!
Missing character: There is no 使 in font nullfont!
Missing character: There is no 資 in font nullfont!
Missing character: There is no 源 in font nullfont!
Missing character: There is no 的 in font nullfont!
Missing character: There is no 分 in font nullfont!
Missing character: There is no 配 in font nullfont!
Missing character: There is no 可 in font nullfont!
Missing character: There is no 以 in font nullfont!
Missing character: There is no 更 in font nullfont!
Missing character: There is no 有 in font nullfont!
Missing character: There is no 彈 in font nullfont!
Missing character: There is no 性 in font nullfont!
Missing character: There is no 。 in font nullfont!

Overfull \hbox (20.0pt too wide) in paragraph at lines 3--4
[] 
 []


! LaTeX Error: Missing \begin{document}.

See the LaTeX manual or LaTeX Companion for explanation.
Type  H <return>  for immediate help.
 ...                                              
                                                  
l.5 這
     篇論文也針對多重接取的系統架構，基於分群演算法提出了一種通道盲測的技術。所提出的通道估計方法不需要使用額外的引信信號，因此能得到較高的頻譜使用...

You're in trouble here.  Try typing  <return>  to proceed.
If that doesn't work, type  X <return>  to quit.

Missing character: There is no 這 in font nullfont!
Missing character: There is no 篇 in font nullfont!
Missing character: There is no 論 in font nullfont!
Missing character: There is no 文 in font nullfont!
Missing character: There is no 也 in font nullfont!
Missing character: There is no 針 in font nullfont!
Missing character: There is no 對 in font nullfont!
Missing character: There is no 多 in font nullfont!
Missing character: There is no 重 in font nullfont!
Missing character: There is no 接 in font nullfont!
Missing character: There is no 取 in font nullfont!
Missing character: There is no 的 in font nullfont!
Missing character: There is no 系 in font nullfont!
Missing character: There is no 統 in font nullfont!
Missing character: There is no 架 in font nullfont!
Missing character: There is no 構 in font nullfont!
Missing character: There is no ， in font nullfont!
Missing character: There is no 基 in font nullfont!
Missing character: There is no 於 in font nullfont!
Missing character: There is no 分 in font nullfont!
Missing character: There is no 群 in font nullfont!
Missing character: There is no 演 in font nullfont!
Missing character: There is no 算 in font nullfont!
Missing character: There is no 法 in font nullfont!
Missing character: There is no 提 in font nullfont!
Missing character: There is no 出 in font nullfont!
Missing character: There is no 了 in font nullfont!
Missing character: There is no 一 in font nullfont!
Missing character: There is no 種 in font nullfont!
Missing character: There is no 通 in font nullfont!
Missing character: There is no 道 in font nullfont!
Missing character: There is no 盲 in font nullfont!
Missing character: There is no 測 in font nullfont!
Missing character: There is no 的 in font nullfont!
Missing character: There is no 技 in font nullfont!
Missing character: There is no 術 in font nullfont!
Missing character: There is no 。 in font nullfont!
Missing character: There is no 所 in font nullfont!
Missing character: There is no 提 in font nullfont!
Missing character: There is no 出 in font nullfont!
Missing character: There is no 的 in font nullfont!
Missing character: There is no 通 in font nullfont!
Missing character: There is no 道 in font nullfont!
Missing character: There is no 估 in font nullfont!
Missing character: There is no 計 in font nullfont!
Missing character: There is no 方 in font nullfont!
Missing character: There is no 法 in font nullfont!
Missing character: There is no 不 in font nullfont!
Missing character: There is no 需 in font nullfont!
Missing character: There is no 要 in font nullfont!
Missing character: There is no 使 in font nullfont!
Missing character: There is no 用 in font nullfont!
Missing character: There is no 額 in font nullfont!
Missing character: There is no 外 in font nullfont!
Missing character: There is no 的 in font nullfont!
Missing character: There is no 引 in font nullfont!
Missing character: There is no 信 in font nullfont!
Missing character: There is no 信 in font nullfont!
Missing character: There is no 號 in font nullfont!
Missing character: There is no ， in font nullfont!
Missing character: There is no 因 in font nullfont!
Missing character: There is no 此 in font nullfont!
Missing character: There is no 能 in font nullfont!
Missing character: There is no 得 in font nullfont!
Missing character: There is no 到 in font nullfont!
Missing character: There is no 較 in font nullfont!
Missing character: There is no 高 in font nullfont!
Missing character: There is no 的 in font nullfont!
Missing character: There is no 頻 in font nullfont!
Missing character: There is no 譜 in font nullfont!
Missing character: There is no 使 in font nullfont!
Missing character: There is no 用 in font nullfont!
Missing character: There is no 效 in font nullfont!
Missing character: There is no 率 in font nullfont!
Missing character: There is no 。 in font nullfont!
Missing character: There is no 為 in font nullfont!
Missing character: There is no 了 in font nullfont!
Missing character: There is no 要 in font nullfont!
Missing character: There is no 解 in font nullfont!
Missing character: There is no 決 in font nullfont!
Missing character: There is no 在 in font nullfont!
Missing character: There is no 盲 in font nullfont!
Missing character: There is no 測 in font nullfont!
Missing character: There is no 技 in font nullfont!
Missing character: There is no 術 in font nullfont!
Missing character: There is no 中 in font nullfont!
Missing character: There is no 不 in font nullfont!
Missing character: There is no 可 in font nullfont!
Missing character: There is no 避 in font nullfont!
Missing character: There is no 免 in font nullfont!
Missing character: There is no 的 in font nullfont!
Missing character: There is no 相 in font nullfont!
Missing character: There is no 位 in font nullfont!
Missing character: There is no 不 in font nullfont!
Missing character: There is no 定 in font nullfont!
Missing character: There is no 性 in font nullfont!
Missing character: There is no 且 in font nullfont!
Missing character: There is no 同 in font nullfont!
Missing character: There is no 時 in font nullfont!
Missing character: There is no 保 in font nullfont!
Missing character: There is no 有 in font nullfont!
Missing character: There is no 一 in font nullfont!
Missing character: There is no 定 in font nullfont!
Missing character: There is no 的 in font nullfont!
Missing character: There is no 傳 in font nullfont!
Missing character: There is no 輸 in font nullfont!
Missing character: There is no 可 in font nullfont!
Missing character: There is no 靠 in font nullfont!
Missing character: There is no 度 in font nullfont!
Missing character: There is no ， in font nullfont!
Missing character: There is no 我 in font nullfont!
Missing character: There is no 們 in font nullfont!
Missing character: There is no 在 in font nullfont!
Missing character: There is no 有 in font nullfont!
Missing character: There is no 使 in font nullfont!
Missing character: There is no 用 in font nullfont!
Missing character: There is no 差 in font nullfont!
Missing character: There is no 分 in font nullfont!
Missing character: There is no 編 in font nullfont!
Missing character: There is no 碼 in font nullfont!
Missing character: There is no 的 in font nullfont!
Missing character: There is no 系 in font nullfont!
Missing character: There is no 統 in font nullfont!
Missing character: There is no 中 in font nullfont!
Missing character: There is no ， in font nullfont!
Missing character: There is no 針 in font nullfont!
Missing character: There is no 對 in font nullfont!
Missing character: There is no 低 in font nullfont!
Missing character: There is no 密 in font nullfont!
Missing character: There is no 度 in font nullfont!
Missing character: There is no 奇 in font nullfont!
Missing character: There is no 偶 in font nullfont!
Missing character: There is no 檢 in font nullfont!
Missing character: There is no 查 in font nullfont!
Missing character: There is no 碼 in font nullfont!
Missing character: There is no 進 in font nullfont!
Missing character: There is no 行 in font nullfont!
Missing character: There is no 最 in font nullfont!
Missing character: There is no 佳 in font nullfont!
Missing character: There is no 化 in font nullfont!
Missing character: There is no ， in font nullfont!
Missing character: There is no 藉 in font nullfont!
Missing character: There is no 此 in font nullfont!
Missing character: There is no 降 in font nullfont!
Missing character: There is no 低 in font nullfont!
Missing character: There is no 差 in font nullfont!
Missing character: There is no 分 in font nullfont!
Missing character: There is no 編 in font nullfont!
Missing character: There is no 碼 in font nullfont!
Missing character: There is no 對 in font nullfont!
Missing character: There is no 於 in font nullfont!
Missing character: There is no 傳 in font nullfont!
Missing character: There is no 輸 in font nullfont!
Missing character: There is no 效 in font nullfont!
Missing character: There is no 能 in font nullfont!
Missing character: There is no 的 in font nullfont!
Missing character: There is no 影 in font nullfont!
Missing character: There is no 響 in font nullfont!
Missing character: There is no 。 in font nullfont!

Overfull \hbox (20.0pt too wide) in paragraph at lines 5--6
[] 
 []


! LaTeX Error: Missing \begin{document}.

See the LaTeX manual or LaTeX Companion for explanation.
Type  H <return>  for immediate help.
 ...                                              
                                                  
l.7 \
     
You're in trouble here.  Try typing  <return>  to proceed.
If that doesn't work, type  X <return>  to quit.


Overfull \hbox (20.0pt too wide) in paragraph at lines 7--8
[] 
 []


! LaTeX Error: Missing \begin{document}.

See the LaTeX manual or LaTeX Companion for explanation.
Type  H <return>  for immediate help.
 ...                                              
                                                  
l.9 關
     鍵字：多重接取、衰弱通道、通道估計、分群演算法、低密度奇偶檢查碼、差分編碼、密度演化
You're in trouble here.  Try typing  <return>  to proceed.
If that doesn't work, type  X <return>  to quit.

Missing character: There is no 關 in font nullfont!
Missing character: There is no 鍵 in font nullfont!
Missing character: There is no 字 in font nullfont!
Missing character: There is no ： in font nullfont!
Missing character: There is no 多 in font nullfont!
Missing character: There is no 重 in font nullfont!
Missing character: There is no 接 in font nullfont!
Missing character: There is no 取 in font nullfont!
Missing character: There is no 、 in font nullfont!
Missing character: There is no 衰 in font nullfont!
Missing character: There is no 弱 in font nullfont!
Missing character: There is no 通 in font nullfont!
Missing character: There is no 道 in font nullfont!
Missing character: There is no 、 in font nullfont!
Missing character: There is no 通 in font nullfont!
Missing character: There is no 道 in font nullfont!
Missing character: There is no 估 in font nullfont!
Missing character: There is no 計 in font nullfont!
Missing character: There is no 、 in font nullfont!
Missing character: There is no 分 in font nullfont!
Missing character: There is no 群 in font nullfont!
Missing character: There is no 演 in font nullfont!
Missing character: There is no 算 in font nullfont!
Missing character: There is no 法 in font nullfont!
Missing character: There is no 、 in font nullfont!
Missing character: There is no 低 in font nullfont!
Missing character: There is no 密 in font nullfont!
Missing character: There is no 度 in font nullfont!
Missing character: There is no 奇 in font nullfont!
Missing character: There is no 偶 in font nullfont!
Missing character: There is no 檢 in font nullfont!
Missing character: There is no 查 in font nullfont!
Missing character: There is no 碼 in font nullfont!
Missing character: There is no 、 in font nullfont!
Missing character: There is no 差 in font nullfont!
Missing character: There is no 分 in font nullfont!
Missing character: There is no 編 in font nullfont!
Missing character: There is no 碼 in font nullfont!
Missing character: There is no 、 in font nullfont!
Missing character: There is no 密 in font nullfont!
Missing character: There is no 度 in font nullfont!
Missing character: There is no 演 in font nullfont!
Missing character: There is no 化 in font nullfont!

Overfull \hbox (20.0pt too wide) in paragraph at lines 9--10
[] 
 []


! LaTeX Error: \begin{document} ended by \end{abstractCH}.

See the LaTeX manual or LaTeX Companion for explanation.
Type  H <return>  for immediate help.
 ...                                              
                                                  
l.11 \end{abstractCH}
                     
Your command was ignored.
Type  I <command> <return>  to replace it with another command,
or  <return>  to continue without it.

)
! Emergency stop.
<*> ./abstractCH.tex
                    
*** (job aborted, no legal \end found)

 
Here is how much of TeX's memory you used:
 6 strings out of 427669
 77 string characters out of 3144749
 64241 words of memory out of 3000000
 4158 multiletter control sequences out of 15000+200000
 3640 words of font info for 14 fonts, out of 3000000 for 9000
 1348 hyphenation exceptions out of 8191
 6i,0n,6p,197b,19s stack positions out of 5000i,500n,10000p,200000b,50000s
No pages of output.
