\BOOKMARK [0][-]{Doc-Start}{\376\377\123\343\212\146\131\324\124\341\147\003\133\351\133\232\146\370}{}% 1
\BOOKMARK [0][-]{chapter*.1}{\376\377\201\364\213\035}{}% 2
\BOOKMARK [0][-]{chapter*.2}{\376\377\116\055\145\207\144\130\211\201}{}% 3
\BOOKMARK [0][-]{chapter*.3}{\376\377\000A\000b\000s\000t\000r\000a\000c\000t}{}% 4
\BOOKMARK [0][-]{chapter*.4}{\376\377\000C\000o\000n\000t\000e\000n\000t\000s}{}% 5
\BOOKMARK [0][-]{chapter*.5}{\376\377\000L\000i\000s\000t\000\040\000o\000f\000\040\000F\000i\000g\000u\000r\000e\000s}{}% 6
\BOOKMARK [0][-]{chapter*.6}{\376\377\000L\000i\000s\000t\000\040\000o\000f\000\040\000T\000a\000b\000l\000e\000s}{}% 7
\BOOKMARK [0][-]{chapter.1}{\376\377\000I\000n\000t\000r\000o\000d\000u\000c\000t\000i\000o\000n}{}% 8
\BOOKMARK [0][-]{chapter.2}{\376\377\000G\000a\000i\000n\000-\000D\000i\000v\000i\000s\000i\000o\000n\000\040\000M\000u\000l\000t\000i\000p\000l\000e\000\040\000A\000c\000c\000e\000s\000s}{}% 9
\BOOKMARK [1][-]{section.2.1}{\376\377\000D\000e\000t\000e\000c\000t\000i\000o\000n\000\040\000P\000r\000i\000n\000c\000i\000p\000l\000e}{chapter.2}% 10
\BOOKMARK [1][-]{section.2.2}{\376\377\000I\000m\000p\000l\000e\000m\000e\000n\000t\000a\000t\000i\000o\000n\000\040\000M\000e\000t\000h\000o\000o\000d}{chapter.2}% 11
\BOOKMARK [2][-]{subsection.2.2.1}{\376\377\000B\000P\000S\000K\000-\000m\000o\000d\000u\000l\000a\000t\000e\000d\000\040\000G\000D\000M\000A\000\040\000I\000m\000p\000l\000e\000m\000e\000n\000t\000a\000t\000i\000o\000n}{section.2.2}% 12
\BOOKMARK [2][-]{subsection.2.2.2}{\376\377\000Q\000P\000S\000K\000-\000m\000o\000d\000u\000l\000a\000t\000e\000d\000\040\000G\000D\000M\000A\000\040\000I\000m\000p\000l\000e\000m\000e\000n\000t\000a\000t\000i\000o\000n}{section.2.2}% 13
\BOOKMARK [2][-]{subsection.2.2.3}{\376\377\000P\000A\000M\000-\000m\000o\000d\000u\000l\000a\000t\000e\000d\000\040\000G\000D\000M\000A\000\040\000I\000m\000p\000l\000e\000m\000e\000n\000t\000a\000t\000i\000o\000n}{section.2.2}% 14
\BOOKMARK [1][-]{section.2.3}{\376\377\000J\000o\000i\000n\000t\000\040\000c\000h\000a\000n\000n\000e\000l\000\040\000d\000e\000c\000o\000d\000i\000n\000g\000\040\000f\000o\000r\000\040\000t\000h\000e\000\040\000G\000D\000M\000A\000\040\000s\000y\000s\000t\000e\000m}{chapter.2}% 15
\BOOKMARK [2][-]{subsection.2.3.1}{\376\377\000I\000n\000t\000r\000o\000d\000u\000c\000t\000i\000o\000n\000\040\000o\000f\000\040\000J\000o\000i\000n\000t\000\040\000C\000h\000a\000n\000n\000e\000l\000\040\000D\000e\000c\000o\000d\000i\000n\000g}{section.2.3}% 16
\BOOKMARK [2][-]{subsection.2.3.2}{\376\377\000L\000D\000P\000C\000\040\000C\000o\000d\000e\000d\000\040\000G\000D\000M\000A\000\040\000s\000y\000s\000t\000e\000m}{section.2.3}% 17
\BOOKMARK [2][-]{subsection.2.3.3}{\376\377\000P\000o\000l\000a\000r\000\040\000C\000o\000d\000e\000d\000\040\000G\000D\000M\000A\000\040\000s\000y\000s\000t\000e\000m}{section.2.3}% 18
\BOOKMARK [0][-]{chapter.3}{\376\377\000C\000l\000u\000s\000t\000e\000r\000-\000B\000a\000s\000e\000d\000\040\000C\000h\000a\000n\000n\000e\000l\000\040\000E\000s\000t\000i\000m\000a\000t\000i\000o\000n}{}% 19
\BOOKMARK [1][-]{section.3.1}{\376\377\000R\000e\000v\000i\000e\000w\000\040\000o\000f\000\040\000C\000l\000u\000s\000t\000e\000r\000i\000n\000g\000\040\000A\000l\000g\000o\000r\000i\000t\000h\000m}{chapter.3}% 20
\BOOKMARK [2][-]{subsection.3.1.1}{\376\377\000K\000-\000M\000e\000a\000n\000s\000\040\000A\000l\000g\000o\000r\000i\000t\000h\000m}{section.3.1}% 21
\BOOKMARK [2][-]{subsection.3.1.2}{\376\377\000T\000h\000e\000\040\000L\000B\000G\000\040\000A\000l\000g\000o\000r\000i\000t\000h\000m}{section.3.1}% 22
\BOOKMARK [2][-]{subsection.3.1.3}{\376\377\000K\000-\000M\000e\000a\000n\000s\000+\000+\000\040\000A\000l\000g\000o\000r\000i\000t\000h\000m}{section.3.1}% 23
\BOOKMARK [2][-]{subsection.3.1.4}{\376\377\000M\000o\000d\000i\000f\000i\000e\000d\000\040\000K\000-\000M\000e\000a\000n\000s\000+\000+\000\040\000A\000l\000g\000o\000r\000i\000t\000h\000m}{section.3.1}% 24
\BOOKMARK [2][-]{subsection.3.1.5}{\376\377\000G\000a\000u\000s\000s\000i\000a\000n\000\040\000M\000i\000x\000t\000u\000r\000e\000\040\000M\000o\000d\000e\000l}{section.3.1}% 25
\BOOKMARK [1][-]{section.3.2}{\376\377\000C\000l\000u\000s\000t\000e\000r\000-\000b\000a\000s\000e\000d\000\040\000E\000s\000t\000i\000m\000a\000t\000i\000o\000n\000\040\000A\000n\000a\000l\000y\000s\000i\000s\000\040\000a\000n\000d\000\040\000D\000e\000s\000i\000g\000n}{chapter.3}% 26
\BOOKMARK [2][-]{subsection.3.2.1}{\376\377\000C\000l\000u\000s\000t\000e\000r\000i\000n\000g\000\040\000S\000a\000m\000p\000l\000e\000\040\000S\000i\000z\000e\000\040\000A\000n\000a\000l\000y\000s\000i\000s}{section.3.2}% 27
\BOOKMARK [2][-]{subsection.3.2.2}{\376\377\000P\000r\000o\000p\000o\000s\000e\000d\000\040\000C\000l\000u\000s\000t\000e\000r\000i\000n\000g\000\040\000A\000l\000g\000o\000r\000i\000t\000h\000m}{section.3.2}% 28
\BOOKMARK [2][-]{subsection.3.2.3}{\376\377\000D\000e\000r\000i\000v\000a\000t\000i\000o\000n\000\040\000o\000f\000\040\000C\000h\000a\000n\000n\000e\000l\000\040\000C\000o\000e\000f\000f\000i\000c\000i\000e\000n\000t\000s}{section.3.2}% 29
\BOOKMARK [1][-]{section.3.3}{\376\377\000R\000e\000s\000o\000l\000v\000i\000n\000g\000\040\000P\000h\000a\000s\000e\000\040\000A\000m\000b\000i\000g\000u\000i\000t\000y}{chapter.3}% 30
\BOOKMARK [2][-]{subsection.3.3.1}{\376\377\000D\000i\000f\000f\000e\000r\000e\000n\000t\000i\000a\000l\000\040\000E\000n\000c\000o\000d\000i\000n\000g}{section.3.3}% 31
\BOOKMARK [2][-]{subsection.3.3.2}{\376\377\000N\000o\000n\000c\000o\000h\000e\000r\000e\000n\000t\000\040\000B\000l\000o\000c\000k\000-\000C\000o\000d\000e\000d\000\040\000M\000o\000d\000u\000l\000a\000t\000i\000o\000n}{section.3.3}% 32
\BOOKMARK [2][-]{subsection.3.3.3}{\376\377\000S\000e\000c\000t\000i\000o\000n\000\040\000N\000o\000n\000c\000o\000h\000e\000r\000e\000n\000t\000\040\000B\000l\000o\000c\000k\000-\000C\000o\000d\000e\000d\000\040\000M\000o\000d\000u\000l\000a\000t\000i\000o\000n}{section.3.3}% 33
\BOOKMARK [0][-]{chapter.4}{\376\377\000A\000\040\000R\000a\000n\000d\000o\000m\000\040\000A\000c\000c\000e\000s\000s\000\040\000S\000c\000h\000e\000m\000e\000\040\000b\000a\000s\000e\000d\000\040\000o\000n\000\040\000G\000a\000i\000n\000\040\000D\000i\000v\000i\000s\000i\000o\000n\000\040\000M\000u\000l\000t\000i\000p\000l\000e\000\040\000A\000c\000c\000e\000s\000s}{}% 34
\BOOKMARK [1][-]{section.4.1}{\376\377\000I\000n\000t\000r\000o\000d\000u\000c\000t\000i\000o\000n\000\040\000o\000f\000\040\000R\000A\000C\000H\000\040\000a\000n\000d\000\040\000G\000r\000a\000n\000t}{chapter.4}% 35
\BOOKMARK [1][-]{section.4.2}{\376\377\000I\000n\000t\000r\000o\000d\000u\000c\000t\000i\000o\000n\000\040\000o\000f\000\040\000R\000a\000n\000d\000o\000m\000\040\000A\000c\000c\000e\000s\000s\000\040\000S\000y\000s\000t\000e\000m}{chapter.4}% 36
\BOOKMARK [1][-]{section.4.3}{\376\377\000S\000y\000s\000t\000e\000m\000\040\000M\000o\000d\000e\000l}{chapter.4}% 37
\BOOKMARK [2][-]{subsection.4.3.1}{\376\377\000O\000F\000D\000M\000-\000G\000D\000M\000A\000\040\000s\000y\000s\000t\000e\000m}{section.4.3}% 38
\BOOKMARK [2][-]{subsection.4.3.2}{\376\377\000D\000o\000p\000p\000l\000e\000r\000-\000e\000f\000f\000e\000c\000t\000\040\000a\000n\000d\000\040\000u\000n\000k\000n\000o\000w\000n\000\040\000t\000i\000m\000i\000n\000g\000\040\000d\000r\000i\000f\000t}{section.4.3}% 39
\BOOKMARK [2][-]{subsection.4.3.3}{\376\377\000S\000l\000o\000t\000t\000e\000d\000\040\000R\000A\000\040\000O\000F\000D\000M\000-\000G\000D\000M\000A\000\040\000s\000y\000s\000t\000e\000m}{section.4.3}% 40
\BOOKMARK [2][-]{subsection.4.3.4}{\376\377\000U\000n\000s\000l\000o\000t\000t\000e\000d\000\040\000R\000A\000\040\000O\000F\000D\000M\000-\000G\000D\000M\000A\000\040\000s\000y\000s\000t\000e\000m}{section.4.3}% 41
\BOOKMARK [1][-]{section.4.4}{\376\377\000P\000r\000e\000a\000m\000b\000l\000e\000\040\000S\000y\000n\000c\000h\000r\000o\000n\000i\000z\000a\000t\000i\000o\000n}{chapter.4}% 42
\BOOKMARK [2][-]{subsection.4.4.1}{\376\377\000P\000r\000e\000a\000m\000b\000l\000e}{section.4.4}% 43
\BOOKMARK [2][-]{subsection.4.4.2}{\376\377\000S\000y\000n\000c\000h\000r\000o\000n\000i\000z\000a\000t\000i\000o\000n}{section.4.4}% 44
\BOOKMARK [1][-]{section.4.5}{\376\377\000H\000y\000b\000r\000i\000d\000\040\000C\000h\000a\000n\000n\000e\000l\000\040\000E\000s\000t\000i\000m\000a\000t\000i\000o\000n}{chapter.4}% 45
\BOOKMARK [1][-]{section.4.6}{\376\377\000S\000i\000m\000u\000l\000a\000t\000i\000o\000n}{chapter.4}% 46
\BOOKMARK [0][-]{chapter.5}{\376\377\000C\000o\000n\000c\000l\000u\000s\000i\000o\000n\000\040\000a\000n\000d\000\040\000F\000u\000t\000u\000r\000e\000\040\000W\000o\000r\000k\000s}{}% 47
\BOOKMARK [0][-]{chapter.5}{\376\377\000B\000i\000b\000l\000i\000o\000g\000r\000a\000p\000h\000y}{}% 48
