  ch_model.cpp
  cluster_algo.cpp
C:\Users\user\Desktop\SCMA\gdmascma\gdmascmav4\gdmascmav4\cluster_algo.cpp(206,28): warning C4244:  '正在初始化': 將 'double' 轉換為 'int'，由於類型不同，可能導致資料遺失
C:\Users\user\Desktop\SCMA\gdmascma\gdmascmav4\gdmascmav4\cluster_algo.cpp(401,19): warning C4244:  '引數': 將 'double' 轉換為 'const unsigned int'，由於類型不同，可能導致資料遺失
C:\Users\user\Desktop\SCMA\gdmascma\gdmascmav4\gdmascmav4\cluster_algo.cpp(403,12): warning C4244:  '引數': 將 'double' 轉換為 'const unsigned int'，由於類型不同，可能導致資料遺失
C:\Users\user\Desktop\SCMA\gdmascma\gdmascmav4\gdmascmav4\cluster_algo.cpp(820,29): warning C4244:  '引數': 將 '_Ty' 轉換為 'const int'，由於類型不同，可能導致資料遺失
C:\Users\user\Desktop\SCMA\gdmascma\gdmascmav4\gdmascmav4\cluster_algo.cpp(820,29): warning C4244:         with
C:\Users\user\Desktop\SCMA\gdmascma\gdmascmav4\gdmascmav4\cluster_algo.cpp(820,29): warning C4244:         [
C:\Users\user\Desktop\SCMA\gdmascma\gdmascmav4\gdmascmav4\cluster_algo.cpp(820,29): warning C4244:             _Ty=double
C:\Users\user\Desktop\SCMA\gdmascma\gdmascmav4\gdmascmav4\cluster_algo.cpp(820,29): warning C4244:         ]
C:\Users\user\Desktop\SCMA\gdmascma\gdmascmav4\gdmascmav4\cluster_algo.cpp(821,29): warning C4244:  '引數': 將 '_Ty' 轉換為 'const int'，由於類型不同，可能導致資料遺失
C:\Users\user\Desktop\SCMA\gdmascma\gdmascmav4\gdmascmav4\cluster_algo.cpp(821,29): warning C4244:         with
C:\Users\user\Desktop\SCMA\gdmascma\gdmascmav4\gdmascmav4\cluster_algo.cpp(821,29): warning C4244:         [
C:\Users\user\Desktop\SCMA\gdmascma\gdmascmav4\gdmascmav4\cluster_algo.cpp(821,29): warning C4244:             _Ty=double
C:\Users\user\Desktop\SCMA\gdmascma\gdmascmav4\gdmascmav4\cluster_algo.cpp(821,29): warning C4244:         ]
C:\Users\user\Desktop\SCMA\gdmascma\gdmascmav4\gdmascmav4\cluster_algo.cpp(844,29): warning C4244:  '引數': 將 '_Ty' 轉換為 'const int'，由於類型不同，可能導致資料遺失
C:\Users\user\Desktop\SCMA\gdmascma\gdmascmav4\gdmascmav4\cluster_algo.cpp(844,29): warning C4244:         with
C:\Users\user\Desktop\SCMA\gdmascma\gdmascmav4\gdmascmav4\cluster_algo.cpp(844,29): warning C4244:         [
C:\Users\user\Desktop\SCMA\gdmascma\gdmascmav4\gdmascmav4\cluster_algo.cpp(844,29): warning C4244:             _Ty=double
C:\Users\user\Desktop\SCMA\gdmascma\gdmascmav4\gdmascmav4\cluster_algo.cpp(844,29): warning C4244:         ]
C:\Users\user\Desktop\SCMA\gdmascma\gdmascmav4\gdmascmav4\cluster_algo.cpp(845,29): warning C4244:  '引數': 將 '_Ty' 轉換為 'const int'，由於類型不同，可能導致資料遺失
C:\Users\user\Desktop\SCMA\gdmascma\gdmascmav4\gdmascmav4\cluster_algo.cpp(845,29): warning C4244:         with
C:\Users\user\Desktop\SCMA\gdmascma\gdmascmav4\gdmascmav4\cluster_algo.cpp(845,29): warning C4244:         [
C:\Users\user\Desktop\SCMA\gdmascma\gdmascmav4\gdmascmav4\cluster_algo.cpp(845,29): warning C4244:             _Ty=double
C:\Users\user\Desktop\SCMA\gdmascma\gdmascmav4\gdmascmav4\cluster_algo.cpp(845,29): warning C4244:         ]
C:\Users\user\Desktop\SCMA\gdmascma\gdmascmav4\gdmascmav4\cluster_algo.cpp(933,32): warning C4018:  '<': signed/unsigned 不相符
C:\Users\user\Desktop\SCMA\gdmascma\gdmascmav4\gdmascmav4\cluster_algo.cpp(973,21): warning C4018:  '<': signed/unsigned 不相符
C:\Users\user\Desktop\SCMA\gdmascma\gdmascmav4\gdmascmav4\cluster_algo.cpp(1020,34): warning C4018:  '<': signed/unsigned 不相符
C:\Users\user\Desktop\SCMA\gdmascma\gdmascmav4\gdmascmav4\cluster_algo.cpp(1023,21): warning C4018:  '<': signed/unsigned 不相符
C:\Users\user\Desktop\SCMA\gdmascma\gdmascmav4\gdmascmav4\cluster_algo.cpp(1088,32): warning C4018:  '>': signed/unsigned 不相符
C:\Users\user\Desktop\SCMA\gdmascma\gdmascmav4\gdmascmav4\cluster_algo.cpp(1099,22): warning C4018:  '<': signed/unsigned 不相符
C:\Users\user\Desktop\SCMA\gdmascma\gdmascmav4\gdmascmav4\cluster_algo.cpp(1101,25): warning C4018:  '<': signed/unsigned 不相符
C:\Users\user\Desktop\SCMA\gdmascma\gdmascmav4\gdmascmav4\cluster_algo.cpp(1153,51): warning C4244:  '引數': 將 '_Ty' 轉換為 'const unsigned int'，由於類型不同，可能導致資料遺失
C:\Users\user\Desktop\SCMA\gdmascma\gdmascmav4\gdmascmav4\cluster_algo.cpp(1153,51): warning C4244:         with
C:\Users\user\Desktop\SCMA\gdmascma\gdmascmav4\gdmascmav4\cluster_algo.cpp(1153,51): warning C4244:         [
C:\Users\user\Desktop\SCMA\gdmascma\gdmascmav4\gdmascmav4\cluster_algo.cpp(1153,51): warning C4244:             _Ty=double
C:\Users\user\Desktop\SCMA\gdmascma\gdmascmav4\gdmascmav4\cluster_algo.cpp(1153,51): warning C4244:         ]
C:\Users\user\Desktop\SCMA\gdmascma\gdmascmav4\gdmascmav4\cluster_algo.cpp(1185,27): warning C4244:  '正在初始化': 將 'double' 轉換為 'int'，由於類型不同，可能導致資料遺失
  main.cpp
  mldt.cpp
C:\Users\user\Desktop\SCMA\gdmascma\gdmascmav4\gdmascmav4\cluster_algo.cpp(1387,27): warning C4244:  '正在初始化': 將 'double' 轉換為 'int'，由於類型不同，可能導致資料遺失
C:\Users\user\Desktop\SCMA\gdmascma\gdmascmav4\gdmascmav4\scma_log_mpa.h(60,23): warning C4018:  '<': signed/unsigned 不相符
  transceiver.cpp
  正在產生程式碼...
C:\Users\user\Desktop\SCMA\gdmascma\gdmascmav4\gdmascmav4\scma_log_mpa.h(79,23): warning C4018:  '<': signed/unsigned 不相符
  gdmascmav4.vcxproj -> C:\Users\user\Desktop\SCMA\gdmascma\gdmascmav4\gdmascmav4\Debug\gdmascmav4.exe
