  ch_model.cpp
  cluster_ce.cpp
  ldpc.cpp
  main.cpp
  mldt.cpp
  polar.cpp
C:\Users\wsxcc\OneDrive\桌面\simulation\GDMA_OFDM_coded\GDMA_OFDM_polar\polar.cpp(131,8): warning C4244:  '正在初始化': 將 'double' 轉換為 'int'，由於類型不同，可能導致資料遺失
C:\Users\wsxcc\OneDrive\桌面\simulation\GDMA_OFDM_coded\GDMA_OFDM_polar\polar.cpp(138,10): warning C4244:  '=': 將 'double' 轉換為 'int'，由於類型不同，可能導致資料遺失
C:\Users\wsxcc\OneDrive\桌面\simulation\GDMA_OFDM_coded\GDMA_OFDM_polar\polar.cpp(538,75): warning C4334:  '<<': 32 位元位移的結果已隱含轉換為 64 位元 (是否原來就是要進行 64 位元位移?
C:\Users\wsxcc\OneDrive\桌面\simulation\GDMA_OFDM_coded\GDMA_OFDM_polar\polar.cpp(550,84): warning C4334:  '<<': 32 位元位移的結果已隱含轉換為 64 位元 (是否原來就是要進行 64 位元位移?
C:\Users\wsxcc\OneDrive\桌面\simulation\GDMA_OFDM_coded\GDMA_OFDM_polar\polar.cpp(636,106): warning C4334:  '<<': 32 位元位移的結果已隱含轉換為 64 位元 (是否原來就是要進行 64 位元位移?
C:\Users\wsxcc\OneDrive\桌面\simulation\GDMA_OFDM_coded\GDMA_OFDM_polar\polar.cpp(637,106): warning C4334:  '<<': 32 位元位移的結果已隱含轉換為 64 位元 (是否原來就是要進行 64 位元位移?
C:\Users\wsxcc\OneDrive\桌面\simulation\GDMA_OFDM_coded\GDMA_OFDM_polar\polar.cpp(658,106): warning C4334:  '<<': 32 位元位移的結果已隱含轉換為 64 位元 (是否原來就是要進行 64 位元位移?
C:\Users\wsxcc\OneDrive\桌面\simulation\GDMA_OFDM_coded\GDMA_OFDM_polar\polar.cpp(659,106): warning C4334:  '<<': 32 位元位移的結果已隱含轉換為 64 位元 (是否原來就是要進行 64 位元位移?
C:\Users\wsxcc\OneDrive\桌面\simulation\GDMA_OFDM_coded\GDMA_OFDM_polar\polar.cpp(718,107): warning C4334:  '<<': 32 位元位移的結果已隱含轉換為 64 位元 (是否原來就是要進行 64 位元位移?
C:\Users\wsxcc\OneDrive\桌面\simulation\GDMA_OFDM_coded\GDMA_OFDM_polar\polar.cpp(722,107): warning C4334:  '<<': 32 位元位移的結果已隱含轉換為 64 位元 (是否原來就是要進行 64 位元位移?
C:\Users\wsxcc\OneDrive\桌面\simulation\GDMA_OFDM_coded\GDMA_OFDM_polar\polar.cpp(724,106): warning C4334:  '<<': 32 位元位移的結果已隱含轉換為 64 位元 (是否原來就是要進行 64 位元位移?
C:\Users\wsxcc\OneDrive\桌面\simulation\GDMA_OFDM_coded\GDMA_OFDM_polar\polar.cpp(1119,16): warning C4244:  '正在初始化': 將 'double' 轉換為 'int'，由於類型不同，可能導致資料遺失
C:\Users\wsxcc\OneDrive\桌面\simulation\GDMA_OFDM_coded\GDMA_OFDM_polar\polar.cpp(1184,17): warning C4244:  '正在初始化': 將 'double' 轉換為 'int'，由於類型不同，可能導致資料遺失
C:\Users\wsxcc\OneDrive\桌面\simulation\GDMA_OFDM_coded\GDMA_OFDM_polar\polar.cpp(1411,18): warning C4244:  '正在初始化': 將 'double' 轉換為 'int'，由於類型不同，可能導致資料遺失
C:\Users\wsxcc\OneDrive\桌面\simulation\GDMA_OFDM_coded\GDMA_OFDM_polar\polar.cpp(1622,10): warning C4244:  '正在初始化': 將 'double' 轉換為 'int'，由於類型不同，可能導致資料遺失
C:\Users\wsxcc\OneDrive\桌面\simulation\GDMA_OFDM_coded\GDMA_OFDM_polar\polar.cpp(1625,11): warning C4244:  '正在初始化': 將 'double' 轉換為 'int'，由於類型不同，可能導致資料遺失
C:\Users\wsxcc\OneDrive\桌面\simulation\GDMA_OFDM_coded\GDMA_OFDM_polar\polar.cpp(1755,11): warning C4244:  '正在初始化': 將 'double' 轉換為 'int'，由於類型不同，可能導致資料遺失
C:\Users\wsxcc\OneDrive\桌面\simulation\GDMA_OFDM_coded\GDMA_OFDM_polar\polar.cpp(1758,12): warning C4244:  '正在初始化': 將 'double' 轉換為 'int'，由於類型不同，可能導致資料遺失
C:\Users\wsxcc\OneDrive\桌面\simulation\GDMA_OFDM_coded\GDMA_OFDM_polar\polar.cpp(1969,10): warning C4244:  '正在初始化': 將 'double' 轉換為 'int'，由於類型不同，可能導致資料遺失
C:\Users\wsxcc\OneDrive\桌面\simulation\GDMA_OFDM_coded\GDMA_OFDM_polar\polar.cpp(1972,11): warning C4244:  '正在初始化': 將 'double' 轉換為 'int'，由於類型不同，可能導致資料遺失
C:\Users\wsxcc\OneDrive\桌面\simulation\GDMA_OFDM_coded\GDMA_OFDM_polar\polar.cpp(1994,11): warning C4244:  '正在初始化': 將 'double' 轉換為 'int'，由於類型不同，可能導致資料遺失
C:\Users\wsxcc\OneDrive\桌面\simulation\GDMA_OFDM_coded\GDMA_OFDM_polar\polar.cpp(1997,12): warning C4244:  '正在初始化': 將 'double' 轉換為 'int'，由於類型不同，可能導致資料遺失
C:\Program Files (x86)\Microsoft Visual Studio\2019\Professional\VC\Tools\MSVC\14.21.27702\include\algorithm(1576,1): warning C4267:  '=': 將 'size_t' 轉換為 'unsigned short'，資料可能遺失
  pulse_shaping.cpp
  transceiver.cpp
C:\Users\wsxcc\OneDrive\桌面\simulation\GDMA_OFDM_coded\GDMA_OFDM_polar\polar.cpp(70): message :  請參考正在進行編譯的函式 樣板 具現化 'void std::generate<std::_Vector_iterator<std::_Vector_val<std::_Simple_types<_Ty>>>,PolarCode::initialize_frozen_bits::<lambda_0e89bb974df4c229376fb522f0a204a7>>(_FwdIt,_FwdIt,_Fn)'
C:\Users\wsxcc\OneDrive\桌面\simulation\GDMA_OFDM_coded\GDMA_OFDM_polar\polar.cpp(70): message :         with
C:\Users\wsxcc\OneDrive\桌面\simulation\GDMA_OFDM_coded\GDMA_OFDM_polar\polar.cpp(70): message :         [
C:\Users\wsxcc\OneDrive\桌面\simulation\GDMA_OFDM_coded\GDMA_OFDM_polar\polar.cpp(70): message :             _Ty=uint16_t,
C:\Users\wsxcc\OneDrive\桌面\simulation\GDMA_OFDM_coded\GDMA_OFDM_polar\polar.cpp(70): message :             _FwdIt=std::_Vector_iterator<std::_Vector_val<std::_Simple_types<uint16_t>>>,
C:\Users\wsxcc\OneDrive\桌面\simulation\GDMA_OFDM_coded\GDMA_OFDM_polar\polar.cpp(70): message :             _Fn=PolarCode::initialize_frozen_bits::<lambda_0e89bb974df4c229376fb522f0a204a7>
C:\Users\wsxcc\OneDrive\桌面\simulation\GDMA_OFDM_coded\GDMA_OFDM_polar\polar.cpp(70): message :         ]
C:\Users\wsxcc\OneDrive\桌面\simulation\GDMA_OFDM_coded\GDMA_OFDM_polar\transceiver.cpp(23,14): warning C4244:  '引數': 將 'time_t' 轉換為 'unsigned int'，由於類型不同，可能導致資料遺失
C:\Users\wsxcc\OneDrive\桌面\simulation\GDMA_OFDM_coded\GDMA_OFDM_polar\transceiver.cpp(205,69): warning C4244:  '引數': 將 'double' 轉換為 'int'，由於類型不同，可能導致資料遺失
  turbo.cpp
C:\Users\wsxcc\OneDrive\桌面\simulation\GDMA_OFDM_coded\GDMA_OFDM_polar\transceiver.cpp(266,60): warning C4244:  '引數': 將 'double' 轉換為 'int'，由於類型不同，可能導致資料遺失
  正在產生程式碼
  52 of 1518 functions ( 3.4%) were compiled, the rest were copied from previous compilation.
    0 functions were new in current compilation
    3 functions had inline decision re-evaluated but remain unchanged
  已完成程式碼產生
  GDMA_OFDM_polar.vcxproj -> C:\Users\wsxcc\OneDrive\桌面\simulation\GDMA_OFDM_coded\x64\Release\GDMA_OFDM_polar.exe
